
          /\      |‾‾| /‾‾/   /‾‾/   
     /\  /  \     |  |/  /   /  /    
    /  \/    \    |     (   /   ‾‾\  
   /          \   |  |\  \ |  (‾)  | 
  / __________ \  |__| \__\ \_____/ .io

  execution: local
     script: tests/load/basic-load.k6.js
     output: -

  scenarios: (100.00%) 1 scenario, 50 max VUs, 2m30s max duration (incl. graceful stop):
           * default: Up to 50 looping VUs for 2m0s over 3 stages (gracefulRampDown: 30s, gracefulStop: 30s)


running (0m01.0s), 02/50 VUs, 0 complete and 0 interrupted iterations
default   [   1% ] 02/50 VUs  0m01.0s/2m00.0s

running (0m02.0s), 04/50 VUs, 0 complete and 0 interrupted iterations
default   [   2% ] 04/50 VUs  0m02.0s/2m00.0s

running (0m03.0s), 05/50 VUs, 0 complete and 0 interrupted iterations
default   [   2% ] 05/50 VUs  0m03.0s/2m00.0s

running (0m04.0s), 07/50 VUs, 0 complete and 0 interrupted iterations
default   [   3% ] 07/50 VUs  0m04.0s/2m00.0s

running (0m05.0s), 09/50 VUs, 0 complete and 0 interrupted iterations
default   [   4% ] 09/50 VUs  0m05.0s/2m00.0s

running (0m06.0s), 10/50 VUs, 0 complete and 0 interrupted iterations
default   [   5% ] 10/50 VUs  0m06.0s/2m00.0s

running (0m07.0s), 12/50 VUs, 0 complete and 0 interrupted iterations
default   [   6% ] 12/50 VUs  0m07.0s/2m00.0s

running (0m08.0s), 14/50 VUs, 1 complete and 0 interrupted iterations
default   [   7% ] 14/50 VUs  0m08.0s/2m00.0s

running (0m09.0s), 15/50 VUs, 3 complete and 0 interrupted iterations
default   [   7% ] 15/50 VUs  0m09.0s/2m00.0s

running (0m10.0s), 17/50 VUs, 5 complete and 0 interrupted iterations
default   [   8% ] 17/50 VUs  0m10.0s/2m00.0s

running (0m11.0s), 18/50 VUs, 6 complete and 0 interrupted iterations
default   [   9% ] 18/50 VUs  0m11.0s/2m00.0s

running (0m12.0s), 20/50 VUs, 8 complete and 0 interrupted iterations
default   [  10% ] 20/50 VUs  0m12.0s/2m00.0s

running (0m13.0s), 22/50 VUs, 10 complete and 0 interrupted iterations
default   [  11% ] 22/50 VUs  0m13.0s/2m00.0s

running (0m14.0s), 23/50 VUs, 11 complete and 0 interrupted iterations
default   [  12% ] 23/50 VUs  0m14.0s/2m00.0s

running (0m15.0s), 25/50 VUs, 14 complete and 0 interrupted iterations
default   [  12% ] 25/50 VUs  0m15.0s/2m00.0s

running (0m16.0s), 27/50 VUs, 16 complete and 0 interrupted iterations
default   [  13% ] 27/50 VUs  0m16.0s/2m00.0s

running (0m17.0s), 28/50 VUs, 20 complete and 0 interrupted iterations
default   [  14% ] 28/50 VUs  0m17.0s/2m00.0s

running (0m18.0s), 30/50 VUs, 24 complete and 0 interrupted iterations
default   [  15% ] 30/50 VUs  0m18.0s/2m00.0s

running (0m19.0s), 32/50 VUs, 26 complete and 0 interrupted iterations
default   [  16% ] 32/50 VUs  0m19.0s/2m00.0s

running (0m20.0s), 33/50 VUs, 30 complete and 0 interrupted iterations
default   [  17% ] 33/50 VUs  0m20.0s/2m00.0s

running (0m21.0s), 35/50 VUs, 34 complete and 0 interrupted iterations
default   [  17% ] 35/50 VUs  0m21.0s/2m00.0s

running (0m22.0s), 36/50 VUs, 36 complete and 0 interrupted iterations
default   [  18% ] 36/50 VUs  0m22.0s/2m00.0s

running (0m23.0s), 38/50 VUs, 42 complete and 0 interrupted iterations
default   [  19% ] 38/50 VUs  0m23.0s/2m00.0s

running (0m24.0s), 40/50 VUs, 46 complete and 0 interrupted iterations
default   [  20% ] 40/50 VUs  0m24.0s/2m00.0s

running (0m25.0s), 41/50 VUs, 51 complete and 0 interrupted iterations
default   [  21% ] 41/50 VUs  0m25.0s/2m00.0s

running (0m26.0s), 43/50 VUs, 57 complete and 0 interrupted iterations
default   [  22% ] 43/50 VUs  0m26.0s/2m00.0s

running (0m27.0s), 45/50 VUs, 60 complete and 0 interrupted iterations
default   [  22% ] 45/50 VUs  0m27.0s/2m00.0s

running (0m28.0s), 46/50 VUs, 66 complete and 0 interrupted iterations
default   [  23% ] 46/50 VUs  0m28.0s/2m00.0s

running (0m29.0s), 48/50 VUs, 71 complete and 0 interrupted iterations
default   [  24% ] 48/50 VUs  0m29.0s/2m00.0s

running (0m30.0s), 49/50 VUs, 76 complete and 0 interrupted iterations
default   [  25% ] 49/50 VUs  0m30.0s/2m00.0s

running (0m31.0s), 50/50 VUs, 84 complete and 0 interrupted iterations
default   [  26% ] 50/50 VUs  0m31.0s/2m00.0s

running (0m32.0s), 50/50 VUs, 89 complete and 0 interrupted iterations
default   [  27% ] 50/50 VUs  0m32.0s/2m00.0s

running (0m33.0s), 50/50 VUs, 96 complete and 0 interrupted iterations
default   [  27% ] 50/50 VUs  0m33.0s/2m00.0s

running (0m34.0s), 50/50 VUs, 103 complete and 0 interrupted iterations
default   [  28% ] 50/50 VUs  0m34.0s/2m00.0s

running (0m35.0s), 50/50 VUs, 108 complete and 0 interrupted iterations
default   [  29% ] 50/50 VUs  0m35.0s/2m00.0s

running (0m36.0s), 50/50 VUs, 116 complete and 0 interrupted iterations
default   [  30% ] 50/50 VUs  0m36.0s/2m00.0s

running (0m37.0s), 50/50 VUs, 123 complete and 0 interrupted iterations
default   [  31% ] 50/50 VUs  0m37.0s/2m00.0s

running (0m38.0s), 50/50 VUs, 130 complete and 0 interrupted iterations
default   [  32% ] 50/50 VUs  0m38.0s/2m00.0s

running (0m39.0s), 50/50 VUs, 138 complete and 0 interrupted iterations
default   [  32% ] 50/50 VUs  0m39.0s/2m00.0s

running (0m40.0s), 50/50 VUs, 143 complete and 0 interrupted iterations
default   [  33% ] 50/50 VUs  0m40.0s/2m00.0s

running (0m41.0s), 50/50 VUs, 150 complete and 0 interrupted iterations
default   [  34% ] 50/50 VUs  0m41.0s/2m00.0s

running (0m42.0s), 50/50 VUs, 157 complete and 0 interrupted iterations
default   [  35% ] 50/50 VUs  0m42.0s/2m00.0s

running (0m43.0s), 50/50 VUs, 162 complete and 0 interrupted iterations
default   [  36% ] 50/50 VUs  0m43.0s/2m00.0s

running (0m44.0s), 50/50 VUs, 170 complete and 0 interrupted iterations
default   [  37% ] 50/50 VUs  0m44.0s/2m00.0s

running (0m45.0s), 50/50 VUs, 178 complete and 0 interrupted iterations
default   [  37% ] 50/50 VUs  0m45.0s/2m00.0s

running (0m46.0s), 50/50 VUs, 184 complete and 0 interrupted iterations
default   [  38% ] 50/50 VUs  0m46.0s/2m00.0s

running (0m47.0s), 50/50 VUs, 191 complete and 0 interrupted iterations
default   [  39% ] 50/50 VUs  0m47.0s/2m00.0s

running (0m48.0s), 50/50 VUs, 196 complete and 0 interrupted iterations
default   [  40% ] 50/50 VUs  0m48.0s/2m00.0s

running (0m49.0s), 50/50 VUs, 204 complete and 0 interrupted iterations
default   [  41% ] 50/50 VUs  0m49.0s/2m00.0s

running (0m50.0s), 50/50 VUs, 210 complete and 0 interrupted iterations
default   [  42% ] 50/50 VUs  0m50.0s/2m00.0s

running (0m51.0s), 50/50 VUs, 216 complete and 0 interrupted iterations
default   [  42% ] 50/50 VUs  0m51.0s/2m00.0s

running (0m52.0s), 50/50 VUs, 224 complete and 0 interrupted iterations
default   [  43% ] 50/50 VUs  0m52.0s/2m00.0s

running (0m53.0s), 50/50 VUs, 230 complete and 0 interrupted iterations
default   [  44% ] 50/50 VUs  0m53.0s/2m00.0s

running (0m54.0s), 50/50 VUs, 238 complete and 0 interrupted iterations
default   [  45% ] 50/50 VUs  0m54.0s/2m00.0s

running (0m55.0s), 50/50 VUs, 245 complete and 0 interrupted iterations
default   [  46% ] 50/50 VUs  0m55.0s/2m00.0s

running (0m56.0s), 50/50 VUs, 250 complete and 0 interrupted iterations
default   [  47% ] 50/50 VUs  0m56.0s/2m00.0s

running (0m57.0s), 50/50 VUs, 258 complete and 0 interrupted iterations
default   [  47% ] 50/50 VUs  0m57.0s/2m00.0s

running (0m58.0s), 50/50 VUs, 265 complete and 0 interrupted iterations
default   [  48% ] 50/50 VUs  0m58.0s/2m00.0s

running (0m59.0s), 50/50 VUs, 270 complete and 0 interrupted iterations
default   [  49% ] 50/50 VUs  0m59.0s/2m00.0s

running (1m00.0s), 50/50 VUs, 279 complete and 0 interrupted iterations
default   [  50% ] 50/50 VUs  1m00.0s/2m00.0s

running (1m01.0s), 50/50 VUs, 284 complete and 0 interrupted iterations
default   [  51% ] 50/50 VUs  1m01.0s/2m00.0s

running (1m02.0s), 50/50 VUs, 291 complete and 0 interrupted iterations
default   [  52% ] 50/50 VUs  1m02.0s/2m00.0s

running (1m03.0s), 50/50 VUs, 297 complete and 0 interrupted iterations
default   [  52% ] 50/50 VUs  1m03.0s/2m00.0s

running (1m04.0s), 50/50 VUs, 304 complete and 0 interrupted iterations
default   [  53% ] 50/50 VUs  1m04.0s/2m00.0s

running (1m05.0s), 50/50 VUs, 312 complete and 0 interrupted iterations
default   [  54% ] 50/50 VUs  1m05.0s/2m00.0s

running (1m06.0s), 50/50 VUs, 318 complete and 0 interrupted iterations
default   [  55% ] 50/50 VUs  1m06.0s/2m00.0s

running (1m07.0s), 50/50 VUs, 325 complete and 0 interrupted iterations
default   [  56% ] 50/50 VUs  1m07.0s/2m00.0s

running (1m08.0s), 50/50 VUs, 332 complete and 0 interrupted iterations
default   [  57% ] 50/50 VUs  1m08.0s/2m00.0s

running (1m09.0s), 50/50 VUs, 338 complete and 0 interrupted iterations
default   [  57% ] 50/50 VUs  1m09.0s/2m00.0s

running (1m10.0s), 50/50 VUs, 346 complete and 0 interrupted iterations
default   [  58% ] 50/50 VUs  1m10.0s/2m00.0s

running (1m11.0s), 50/50 VUs, 351 complete and 0 interrupted iterations
default   [  59% ] 50/50 VUs  1m11.0s/2m00.0s

running (1m12.0s), 50/50 VUs, 358 complete and 0 interrupted iterations
default   [  60% ] 50/50 VUs  1m12.0s/2m00.0s

running (1m13.0s), 50/50 VUs, 366 complete and 0 interrupted iterations
default   [  61% ] 50/50 VUs  1m13.0s/2m00.0s

running (1m14.0s), 50/50 VUs, 371 complete and 0 interrupted iterations
default   [  62% ] 50/50 VUs  1m14.0s/2m00.0s

running (1m15.0s), 50/50 VUs, 379 complete and 0 interrupted iterations
default   [  62% ] 50/50 VUs  1m15.0s/2m00.0s

running (1m16.0s), 50/50 VUs, 385 complete and 0 interrupted iterations
default   [  63% ] 50/50 VUs  1m16.0s/2m00.0s

running (1m17.0s), 50/50 VUs, 391 complete and 0 interrupted iterations
default   [  64% ] 50/50 VUs  1m17.0s/2m00.0s

running (1m18.0s), 50/50 VUs, 397 complete and 0 interrupted iterations
default   [  65% ] 50/50 VUs  1m18.0s/2m00.0s

running (1m19.0s), 50/50 VUs, 404 complete and 0 interrupted iterations
default   [  66% ] 50/50 VUs  1m19.0s/2m00.0s

running (1m20.0s), 50/50 VUs, 410 complete and 0 interrupted iterations
default   [  67% ] 50/50 VUs  1m20.0s/2m00.0s

running (1m21.0s), 50/50 VUs, 417 complete and 0 interrupted iterations
default   [  67% ] 50/50 VUs  1m21.0s/2m00.0s

running (1m22.0s), 50/50 VUs, 425 complete and 0 interrupted iterations
default   [  68% ] 50/50 VUs  1m22.0s/2m00.0s

running (1m23.0s), 50/50 VUs, 433 complete and 0 interrupted iterations
default   [  69% ] 50/50 VUs  1m23.0s/2m00.0s

running (1m24.0s), 50/50 VUs, 438 complete and 0 interrupted iterations
default   [  70% ] 50/50 VUs  1m24.0s/2m00.0s

running (1m25.0s), 50/50 VUs, 446 complete and 0 interrupted iterations
default   [  71% ] 50/50 VUs  1m25.0s/2m00.0s

running (1m26.0s), 50/50 VUs, 452 complete and 0 interrupted iterations
default   [  72% ] 50/50 VUs  1m26.0s/2m00.0s

running (1m27.0s), 50/50 VUs, 458 complete and 0 interrupted iterations
default   [  72% ] 50/50 VUs  1m27.0s/2m00.0s

running (1m28.0s), 50/50 VUs, 466 complete and 0 interrupted iterations
default   [  73% ] 50/50 VUs  1m28.0s/2m00.0s

running (1m29.0s), 50/50 VUs, 471 complete and 0 interrupted iterations
default   [  74% ] 50/50 VUs  1m29.0s/2m00.0s

running (1m30.0s), 50/50 VUs, 480 complete and 0 interrupted iterations
default   [  75% ] 50/50 VUs  1m30.0s/2m00.0s

running (1m31.0s), 50/50 VUs, 485 complete and 0 interrupted iterations
default   [  76% ] 50/50 VUs  1m31.0s/2m00.0s

running (1m32.0s), 50/50 VUs, 492 complete and 0 interrupted iterations
default   [  77% ] 50/50 VUs  1m32.0s/2m00.0s

running (1m33.0s), 50/50 VUs, 497 complete and 0 interrupted iterations
default   [  77% ] 50/50 VUs  1m33.0s/2m00.0s

running (1m34.0s), 49/50 VUs, 505 complete and 0 interrupted iterations
default   [  78% ] 49/50 VUs  1m34.0s/2m00.0s

running (1m35.0s), 48/50 VUs, 511 complete and 0 interrupted iterations
default   [  79% ] 48/50 VUs  1m35.0s/2m00.0s

running (1m36.0s), 46/50 VUs, 518 complete and 0 interrupted iterations
default   [  80% ] 46/50 VUs  1m36.0s/2m00.0s

running (1m37.0s), 45/50 VUs, 525 complete and 0 interrupted iterations
default   [  81% ] 45/50 VUs  1m37.0s/2m00.0s

running (1m38.0s), 43/50 VUs, 533 complete and 0 interrupted iterations
default   [  82% ] 43/50 VUs  1m38.0s/2m00.0s

running (1m39.0s), 41/50 VUs, 539 complete and 0 interrupted iterations
default   [  82% ] 41/50 VUs  1m39.0s/2m00.0s

running (1m40.0s), 40/50 VUs, 546 complete and 0 interrupted iterations
default   [  83% ] 40/50 VUs  1m40.0s/2m00.0s

running (1m41.0s), 38/50 VUs, 553 complete and 0 interrupted iterations
default   [  84% ] 38/50 VUs  1m41.0s/2m00.0s

running (1m42.0s), 37/50 VUs, 557 complete and 0 interrupted iterations
default   [  85% ] 37/50 VUs  1m42.0s/2m00.0s

running (1m43.0s), 35/50 VUs, 563 complete and 0 interrupted iterations
default   [  86% ] 35/50 VUs  1m43.0s/2m00.0s

running (1m44.0s), 34/50 VUs, 567 complete and 0 interrupted iterations
default   [  87% ] 34/50 VUs  1m44.0s/2m00.0s

running (1m45.0s), 32/50 VUs, 574 complete and 0 interrupted iterations
default   [  87% ] 32/50 VUs  1m45.0s/2m00.0s

running (1m46.0s), 31/50 VUs, 577 complete and 0 interrupted iterations
default   [  88% ] 31/50 VUs  1m46.0s/2m00.0s

running (1m47.0s), 29/50 VUs, 583 complete and 0 interrupted iterations
default   [  89% ] 29/50 VUs  1m47.0s/2m00.0s

running (1m48.0s), 28/50 VUs, 586 complete and 0 interrupted iterations
default   [  90% ] 28/50 VUs  1m48.0s/2m00.0s

running (1m49.0s), 26/50 VUs, 592 complete and 0 interrupted iterations
default   [  91% ] 26/50 VUs  1m49.0s/2m00.0s

running (1m50.0s), 24/50 VUs, 596 complete and 0 interrupted iterations
default   [  92% ] 24/50 VUs  1m50.0s/2m00.0s

running (1m51.0s), 22/50 VUs, 599 complete and 0 interrupted iterations
default   [  92% ] 22/50 VUs  1m51.0s/2m00.0s

running (1m52.0s), 21/50 VUs, 603 complete and 0 interrupted iterations
default   [  93% ] 21/50 VUs  1m52.0s/2m00.0s

running (1m53.0s), 19/50 VUs, 607 complete and 0 interrupted iterations
default   [  94% ] 19/50 VUs  1m53.0s/2m00.0s

running (1m54.0s), 18/50 VUs, 610 complete and 0 interrupted iterations
default   [  95% ] 18/50 VUs  1m54.0s/2m00.0s

running (1m55.0s), 16/50 VUs, 614 complete and 0 interrupted iterations
default   [  96% ] 16/50 VUs  1m55.0s/2m00.0s

running (1m56.0s), 14/50 VUs, 617 complete and 0 interrupted iterations
default   [  97% ] 14/50 VUs  1m56.0s/2m00.0s

running (1m57.0s), 12/50 VUs, 619 complete and 0 interrupted iterations
default   [  97% ] 12/50 VUs  1m57.0s/2m00.0s

running (1m58.0s), 10/50 VUs, 621 complete and 0 interrupted iterations
default   [  98% ] 10/50 VUs  1m58.0s/2m00.0s

running (1m59.0s), 09/50 VUs, 622 complete and 0 interrupted iterations
default   [  99% ] 09/50 VUs  1m59.0s/2m00.0s

running (2m00.0s), 06/50 VUs, 626 complete and 0 interrupted iterations
default   [ 100% ] 06/50 VUs  2m00.0s/2m00.0s

running (2m01.0s), 05/50 VUs, 627 complete and 0 interrupted iterations
default ↓ [ 100% ] 06/50 VUs  2m0s

running (2m02.0s), 03/50 VUs, 629 complete and 0 interrupted iterations
default ↓ [ 100% ] 06/50 VUs  2m0s

running (2m03.0s), 01/50 VUs, 631 complete and 0 interrupted iterations
default ↓ [ 100% ] 06/50 VUs  2m0s

running (2m04.0s), 01/50 VUs, 631 complete and 0 interrupted iterations
default ↓ [ 100% ] 06/50 VUs  2m0s

running (2m05.0s), 01/50 VUs, 631 complete and 0 interrupted iterations
default ↓ [ 100% ] 06/50 VUs  2m0s

running (2m06.0s), 01/50 VUs, 631 complete and 0 interrupted iterations
default ↓ [ 100% ] 06/50 VUs  2m0s
time="2026-01-14T11:03:32+08:00" level=info msg="\n====================================" source=console
time="2026-01-14T11:03:32+08:00" level=info msg="LOAD TEST RESULTS" source=console
time="2026-01-14T11:03:32+08:00" level=info msg="====================================" source=console
time="2026-01-14T11:03:32+08:00" level=info msg="Total Requests: 1264" source=console
time="2026-01-14T11:03:32+08:00" level=info msg="P95 Latency:    4494ms" source=console
time="2026-01-14T11:03:32+08:00" level=info msg="Threshold:      <5000ms" source=console
time="2026-01-14T11:03:32+08:00" level=info msg="Status:         PASS" source=console
time="2026-01-14T11:03:32+08:00" level=info msg="Error Rate:     50.00%" source=console
time="2026-01-14T11:03:32+08:00" level=info msg="====================================\n" source=console

running (2m06.7s), 00/50 VUs, 632 complete and 0 interrupted iterations
default ✓ [ 100% ] 00/50 VUs  2m0s
time="2026-01-14T11:03:33+08:00" level=error msg="thresholds on metrics 'http_req_failed' have been crossed"
